[2018-11-08 12:28:43.000 INFO  ]
loggerConfig:
   level:INFO
   filename:/Users/zacharylewis/Desktop/devopsdemo1/githupdemosrc/javatips/examples/chp2/mavendemo/target/fortify/sca-translate.log
   appendLogFile:true
   installLoggingPrintStreams:true

   logger:com.fortify.logging.log4j2.LoggerFactory marker:DEV thread:sourceanalyzer-10
   MDC:{msgId=-1, severity=NONE} NDC:[]
[2018-11-08 12:28:43.284 INFO  ]
message suppression file not found /Applications/Fortify/Fortify_SCA_and_Apps_18.20/Core/config/suppressions.json
   logger:com.fortify.messaging.MessageSuppressor marker:DEV thread:sourceanalyzer-10
   MDC:{msgId=-1, severity=NONE} NDC:[]
[2018-11-08 12:28:43.295 INFO  ]
0 suppressions loaded
   logger:com.fortify.sca.cmd.CommandLine marker:DEV thread:sourceanalyzer-10
   MDC:{msgId=-1, severity=NONE} NDC:[]
[2018-11-08 12:28:43.295 INFO  ]
message level adjustment file not found: /Applications/Fortify/Fortify_SCA_and_Apps_18.20/Core/config/levels.json
   logger:com.fortify.logging.log4j2.LevelAdjuster marker:DEV thread:sourceanalyzer-10
   MDC:{msgId=-1, severity=NONE} NDC:[]
[2018-11-08 12:28:43.296 INFO  ]
0 level adjustments loaded
   logger:com.fortify.sca.cmd.CommandLine marker:DEV thread:sourceanalyzer-10
   MDC:{msgId=-1, severity=NONE} NDC:[]
[2018-11-08 12:28:43.383 INFO  ]
Fortify Static Code Analyzer 18.20.1071 (using JRE 1.8.0_181)
   logger:com.fortify.sca.Main marker:DEV thread:sourceanalyzer-10
   MDC:{msgId=-1, severity=INFO_VERBOSE} NDC:[]
[2018-11-08 12:28:43.384 INFO  ]
Args:
["-version", "-b", "mvn1", "-logfile", "/Users/zacharylewis/Desktop/devopsdemo1/githupdemosrc/javatips/examples/chp2/mavendemo/target/fortify/sca-translate.log", "-java-build-dir", "/Users/zacharylewis/Desktop/devopsdemo1/githupdemosrc/javatips/examples/chp2/mavendemo/target/classes", "/Users/zacharylewis/Desktop/devopsdemo1/githupdemosrc/javatips/examples/chp2/mavendemo/pom.xml"]
   logger:com.fortify.sca.Main marker:DEV thread:sourceanalyzer-10
   MDC:{msgId=-1, severity=LOG_STATUS} NDC:[]
[2018-11-08 12:28:43.384 INFO  ]
VM Args:
"-XX:SoftRefLRUPolicyMSPerMB=3000 -Xmx6442450944 -Xss16M"
   logger:com.fortify.sca.Main marker:DEV thread:sourceanalyzer-10
   MDC:{msgId=-1, severity=LOG_STATUS} NDC:[]
[2018-11-08 12:28:44.276 INFO  ]
Front End complete
   logger:com.fortify.sca.frontend.FrontEndSession marker:DEV thread:sourceanalyzer-10
   MDC:{msgId=-1, severity=LOG_STATUS, step=INIT} NDC:[]
[2018-11-08 12:28:44.432 INFO  ]
message id statistics:
   id:        -1 total:        22 totalSuppressedCount:         0 scope:[]

   logger:com.fortify.messaging.MessageSuppressor marker:DEV thread:sourceanalyzer-10
   MDC:{msgId=-1, severity=NONE, step=INIT} NDC:[]
[2018-11-08 12:28:44.433 INFO  ]
logger:null  count:10
   level:INFO count:10
logger:com.fortify.messaging.MessageSuppressor  count:2
   level:INFO count:2
logger:com.fortify.logging.log4j2.LevelAdjuster  count:1
   level:INFO count:1
logger:com.fortify.sca.cmd.CommandLine  count:2
   level:INFO count:2
logger:com.fortify.logging.log4j2.LoggerFactory  count:1
   level:INFO count:1
logger:com.fortify.sca.Main  count:3
   level:INFO count:3
logger:com.fortify.sca.frontend.FrontEndSession  count:1
   level:INFO count:1

   logger:com.fortify.logging.LoggerStats marker:DEV thread:sourceanalyzer-10
   MDC:{msgId=-1, severity=NONE, step=INIT} NDC:[]
[2018-11-08 12:28:46.819 INFO  ]
loggerConfig:
   level:INFO
   filename:/Users/zacharylewis/Desktop/devopsdemo1/githupdemosrc/javatips/examples/chp2/mavendemo/target/fortify/sca-translate.log
   appendLogFile:true
   installLoggingPrintStreams:true

   logger:com.fortify.logging.log4j2.LoggerFactory marker:DEV thread:sourceanalyzer-10
   MDC:{msgId=-1, severity=NONE} NDC:[]
[2018-11-08 12:28:47.155 INFO  ]
message suppression file not found /Applications/Fortify/Fortify_SCA_and_Apps_18.20/Core/config/suppressions.json
   logger:com.fortify.messaging.MessageSuppressor marker:DEV thread:sourceanalyzer-10
   MDC:{msgId=-1, severity=NONE} NDC:[]
[2018-11-08 12:28:47.163 INFO  ]
0 suppressions loaded
   logger:com.fortify.sca.cmd.CommandLine marker:DEV thread:sourceanalyzer-10
   MDC:{msgId=-1, severity=NONE} NDC:[]
[2018-11-08 12:28:47.164 INFO  ]
message level adjustment file not found: /Applications/Fortify/Fortify_SCA_and_Apps_18.20/Core/config/levels.json
   logger:com.fortify.logging.log4j2.LevelAdjuster marker:DEV thread:sourceanalyzer-10
   MDC:{msgId=-1, severity=NONE} NDC:[]
[2018-11-08 12:28:47.165 INFO  ]
0 level adjustments loaded
   logger:com.fortify.sca.cmd.CommandLine marker:DEV thread:sourceanalyzer-10
   MDC:{msgId=-1, severity=NONE} NDC:[]
[2018-11-08 12:28:47.244 INFO  ]
Fortify Static Code Analyzer 18.20.1071 (using JRE 1.8.0_181)
   logger:com.fortify.sca.Main marker:DEV thread:sourceanalyzer-10
   MDC:{msgId=-1, severity=INFO_VERBOSE} NDC:[]
[2018-11-08 12:28:47.245 INFO  ]
Args:
["-version", "-b", "mvn1", "-logfile", "/Users/zacharylewis/Desktop/devopsdemo1/githupdemosrc/javatips/examples/chp2/mavendemo/target/fortify/sca-translate.log", "-java-build-dir", "/Users/zacharylewis/Desktop/devopsdemo1/githupdemosrc/javatips/examples/chp2/mavendemo/target/classes", "-cp", "/Users/zacharylewis/Desktop/devopsdemo1/githupdemosrc/javatips/examples/chp2/mavendemo/target/classes", "-cp", "/Users/zacharylewis/.m2/repository/com/github/fortifycookbook/mylib/1.0-SNAPSHOT/mylib-1.0-SNAPSHOT.jar", "/Users/zacharylewis/Desktop/devopsdemo1/githupdemosrc/javatips/examples/chp2/mavendemo/src/main/java"]
   logger:com.fortify.sca.Main marker:DEV thread:sourceanalyzer-10
   MDC:{msgId=-1, severity=LOG_STATUS} NDC:[]
[2018-11-08 12:28:47.246 INFO  ]
VM Args:
"-XX:SoftRefLRUPolicyMSPerMB=3000 -Xmx6442450944 -Xss16M"
   logger:com.fortify.sca.Main marker:DEV thread:sourceanalyzer-10
   MDC:{msgId=-1, severity=LOG_STATUS} NDC:[]
[2018-11-08 12:28:49.874 WARN  12003]
Assuming Java source level to be 1.8 as it was not specified. Note that the default value may change in future versions.
   logger:com.fortify.sca.frontend.JavaFrontEnd marker:USER thread:sourceanalyzer-10
   MDC:{frontend=JavaFrontEnd, msgId=12003, severity=WARNING, step=SRC_PARSE} NDC:[]
[2018-11-08 12:28:49.877 INFO  ]
Translating 1 java files
   logger:com.fortify.sca.frontend.JavaFrontEnd marker:DEV thread:sourceanalyzer-10
   MDC:{frontend=JavaFrontEnd, msgId=-1, severity=LOG_STATUS, step=SRC_PARSE} NDC:[]
[2018-11-08 12:28:49.882 INFO  1450]
Processing /Users/zacharylewis/Desktop/devopsdemo1/githupdemosrc/javatips/examples/chp2/mavendemo/src/main/java/com/github/fortifycookbook/program.java
   logger:com.fortify.sca.frontend.JavaFrontEnd marker:USER thread:sourceanalyzer-10
   MDC:{frontend=JavaFrontEnd, msgId=1450, pass=Processing, severity=INFO_VERBOSE, sourceInfo=program.java, step=SRC_PARSE} NDC:[]
[2018-11-08 12:28:51.546 INFO  ]
Front End complete
   logger:com.fortify.sca.frontend.FrontEndSession marker:DEV thread:sourceanalyzer-10
   MDC:{msgId=-1, severity=LOG_STATUS, step=SRC_PARSE} NDC:[]
[2018-11-08 12:28:51.742 INFO  ]
message id statistics:
   id:        -1 total:       151 totalSuppressedCount:         0 scope:[]
   id:     12003 total:         1 totalSuppressedCount:         0 scope:[]
   id:      1450 total:         1 totalSuppressedCount:         0 scope:[]

   logger:com.fortify.messaging.MessageSuppressor marker:DEV thread:sourceanalyzer-10
   MDC:{msgId=-1, severity=NONE, step=SRC_PARSE} NDC:[]
[2018-11-08 12:28:51.742 INFO  ]
logger:null  count:13
   level:INFO count:12
   level:WARN count:1
logger:com.fortify.messaging.MessageSuppressor  count:2
   level:INFO count:2
logger:com.fortify.logging.log4j2.LevelAdjuster  count:1
   level:INFO count:1
logger:com.fortify.sca.frontend.JavaFrontEnd  count:3
   level:INFO count:2
   level:WARN count:1
logger:com.fortify.sca.cmd.CommandLine  count:2
   level:INFO count:2
logger:com.fortify.logging.log4j2.LoggerFactory  count:1
   level:INFO count:1
logger:com.fortify.sca.Main  count:3
   level:INFO count:3
logger:com.fortify.sca.frontend.FrontEndSession  count:1
   level:INFO count:1

   logger:com.fortify.logging.LoggerStats marker:DEV thread:sourceanalyzer-10
   MDC:{msgId=-1, severity=NONE, step=SRC_PARSE} NDC:[]
